2024-05-22 04:48:42,394.v3_listening_worker.INFO ==================================================
2024-05-22 04:48:42,395.v3_listening_worker.INFO Today is 2024-05-22 at 04:48 AM
2024-05-22 04:48:42,396.v3_listening_worker.INFO Running on: nt Windows 11
2024-05-22 04:48:42,397.v3_listening_worker.INFO Python version:  3.12.1
2024-05-22 04:48:42,398.v3_listening_worker.INFO Python path: C:\Users\kamal\AppData\Local\Programs\Python\Python312
2024-05-22 04:48:42,399.v3_listening_worker.INFO Working dir: C:\MS\data_analytics\github\44671_DataStreaming\streaming-04-multiple-consumers
2024-05-22 04:48:42,400.v3_listening_worker.INFO ==================================================
2024-05-22 04:48:53,086.v3_listening_worker.INFO  [x] Received Third task....
2024-05-22 04:48:53,087.v3_listening_worker.INFO  [x] Done.
2024-05-22 04:48:53,099.v3_listening_worker.INFO  [x] Received Forth task...
2024-05-22 04:48:53,099.v3_listening_worker.INFO  [x] Done.
2024-05-22 04:48:53,112.v3_listening_worker.INFO  [x] Received Fifth task...
2024-05-22 04:48:53,113.v3_listening_worker.INFO  [x] Done.
2024-05-22 04:48:53,128.v3_listening_worker.INFO  [x] Received Sixth task...
2024-05-22 04:48:53,128.v3_listening_worker.INFO  [x] Done.
2024-05-22 04:50:49,462.v3_listening_worker.INFO  [x] Received First task....
2024-05-22 04:50:49,463.v3_listening_worker.INFO  [x] Done.
2024-05-22 04:50:49,528.v3_listening_worker.INFO  [x] Received Forth task...
2024-05-22 04:50:49,529.v3_listening_worker.INFO  [x] Done.
2024-05-22 04:50:49,543.v3_listening_worker.INFO  [x] Received Fifth task...
2024-05-22 04:50:49,543.v3_listening_worker.INFO  [x] Done.
2024-05-22 04:50:49,557.v3_listening_worker.INFO  [x] Received Sixth task...
2024-05-22 04:50:49,558.v3_listening_worker.INFO  [x] Done.
